mode: atomic
github.com/sandwich/nopher/internal/config/config.go:231.41,233.16 2 5
github.com/sandwich/nopher/internal/config/config.go:233.16,235.3 1 1
github.com/sandwich/nopher/internal/config/config.go:237.2,238.51 2 4
github.com/sandwich/nopher/internal/config/config.go:238.51,240.3 1 1
github.com/sandwich/nopher/internal/config/config.go:243.2,243.48 1 3
github.com/sandwich/nopher/internal/config/config.go:243.48,245.3 1 0
github.com/sandwich/nopher/internal/config/config.go:248.2,248.39 1 3
github.com/sandwich/nopher/internal/config/config.go:248.39,250.3 1 1
github.com/sandwich/nopher/internal/config/config.go:252.2,252.18 1 2
github.com/sandwich/nopher/internal/config/config.go:256.43,258.50 1 3
github.com/sandwich/nopher/internal/config/config.go:258.50,260.3 1 1
github.com/sandwich/nopher/internal/config/config.go:263.2,263.63 1 3
github.com/sandwich/nopher/internal/config/config.go:263.63,265.3 1 1
github.com/sandwich/nopher/internal/config/config.go:271.2,271.12 1 3
github.com/sandwich/nopher/internal/config/config.go:275.41,277.2 1 1
github.com/sandwich/nopher/internal/config/config.go:280.24,428.2 1 1
github.com/sandwich/nopher/internal/config/config.go:459.34,461.29 1 14
github.com/sandwich/nopher/internal/config/config.go:461.29,463.3 1 2
github.com/sandwich/nopher/internal/config/config.go:464.2,464.52 1 12
github.com/sandwich/nopher/internal/config/config.go:464.52,466.3 1 1
github.com/sandwich/nopher/internal/config/config.go:469.2,469.101 1 11
github.com/sandwich/nopher/internal/config/config.go:469.101,471.3 1 1
github.com/sandwich/nopher/internal/config/config.go:474.2,474.106 1 10
github.com/sandwich/nopher/internal/config/config.go:474.106,476.3 1 1
github.com/sandwich/nopher/internal/config/config.go:477.2,477.106 1 9
github.com/sandwich/nopher/internal/config/config.go:477.106,479.3 1 0
github.com/sandwich/nopher/internal/config/config.go:480.2,480.106 1 9
github.com/sandwich/nopher/internal/config/config.go:480.106,482.3 1 0
github.com/sandwich/nopher/internal/config/config.go:485.2,485.32 1 9
github.com/sandwich/nopher/internal/config/config.go:485.32,487.3 1 1
github.com/sandwich/nopher/internal/config/config.go:488.2,488.40 1 8
github.com/sandwich/nopher/internal/config/config.go:488.40,489.78 1 8
github.com/sandwich/nopher/internal/config/config.go:489.78,491.4 1 1
github.com/sandwich/nopher/internal/config/config.go:495.2,495.42 1 7
github.com/sandwich/nopher/internal/config/config.go:495.42,497.3 1 1
github.com/sandwich/nopher/internal/config/config.go:500.2,500.46 1 6
github.com/sandwich/nopher/internal/config/config.go:500.46,502.3 1 1
github.com/sandwich/nopher/internal/config/config.go:505.2,505.67 1 5
github.com/sandwich/nopher/internal/config/config.go:505.67,507.3 1 1
github.com/sandwich/nopher/internal/config/config.go:510.2,510.40 1 4
github.com/sandwich/nopher/internal/config/config.go:510.40,512.3 1 1
github.com/sandwich/nopher/internal/config/config.go:514.2,514.12 1 3
github.com/sandwich/nopher/internal/aggregates/aggregates.go:21.67,28.2 1 0
github.com/sandwich/nopher/internal/aggregates/aggregates.go:31.79,32.20 1 0
github.com/sandwich/nopher/internal/aggregates/aggregates.go:33.9,35.36 1 0
github.com/sandwich/nopher/internal/aggregates/aggregates.go:37.9,39.49 1 0
github.com/sandwich/nopher/internal/aggregates/aggregates.go:41.12,43.39 1 0
github.com/sandwich/nopher/internal/aggregates/aggregates.go:45.10,47.13 1 0
github.com/sandwich/nopher/internal/aggregates/aggregates.go:52.79,54.16 2 0
github.com/sandwich/nopher/internal/aggregates/aggregates.go:54.16,56.3 1 0
github.com/sandwich/nopher/internal/aggregates/aggregates.go:59.2,59.26 1 0
github.com/sandwich/nopher/internal/aggregates/aggregates.go:59.26,61.3 1 0
github.com/sandwich/nopher/internal/aggregates/aggregates.go:63.2,63.12 1 0
github.com/sandwich/nopher/internal/aggregates/aggregates.go:67.101,69.16 2 0
github.com/sandwich/nopher/internal/aggregates/aggregates.go:69.16,71.3 1 0
github.com/sandwich/nopher/internal/aggregates/aggregates.go:73.2,80.8 1 0
github.com/sandwich/nopher/internal/aggregates/aggregates.go:84.118,86.16 2 0
github.com/sandwich/nopher/internal/aggregates/aggregates.go:86.16,88.3 1 0
github.com/sandwich/nopher/internal/aggregates/aggregates.go:90.2,91.27 2 0
github.com/sandwich/nopher/internal/aggregates/aggregates.go:91.27,100.3 1 0
github.com/sandwich/nopher/internal/aggregates/aggregates.go:102.2,102.20 1 0
github.com/sandwich/nopher/internal/aggregates/aggregates.go:116.51,118.2 1 0
github.com/sandwich/nopher/internal/aggregates/aggregates.go:121.53,126.2 3 0
github.com/sandwich/nopher/internal/aggregates/aggregates.go:129.90,130.21 1 0
github.com/sandwich/nopher/internal/aggregates/aggregates.go:130.21,132.3 1 0
github.com/sandwich/nopher/internal/aggregates/aggregates.go:134.2,135.16 2 0
github.com/sandwich/nopher/internal/aggregates/aggregates.go:135.16,137.3 1 0
github.com/sandwich/nopher/internal/aggregates/aggregates.go:139.2,139.48 1 0
github.com/sandwich/nopher/internal/aggregates/aggregates.go:143.97,144.21 1 0
github.com/sandwich/nopher/internal/aggregates/aggregates.go:144.21,146.3 1 0
github.com/sandwich/nopher/internal/aggregates/aggregates.go:148.2,149.16 2 0
github.com/sandwich/nopher/internal/aggregates/aggregates.go:149.16,151.3 1 0
github.com/sandwich/nopher/internal/aggregates/aggregates.go:153.2,153.46 1 0
github.com/sandwich/nopher/internal/aggregates/aggregates.go:157.99,159.2 1 0
github.com/sandwich/nopher/internal/aggregates/queries.go:20.89,26.2 1 0
github.com/sandwich/nopher/internal/aggregates/queries.go:29.97,37.16 3 0
github.com/sandwich/nopher/internal/aggregates/queries.go:37.16,39.3 1 0
github.com/sandwich/nopher/internal/aggregates/queries.go:41.2,41.37 1 0
github.com/sandwich/nopher/internal/aggregates/queries.go:45.98,56.16 3 0
github.com/sandwich/nopher/internal/aggregates/queries.go:56.16,58.3 1 0
github.com/sandwich/nopher/internal/aggregates/queries.go:61.2,62.31 2 0
github.com/sandwich/nopher/internal/aggregates/queries.go:62.31,63.67 1 0
github.com/sandwich/nopher/internal/aggregates/queries.go:63.67,65.4 1 0
github.com/sandwich/nopher/internal/aggregates/queries.go:69.2,69.26 1 0
github.com/sandwich/nopher/internal/aggregates/queries.go:69.26,71.3 1 0
github.com/sandwich/nopher/internal/aggregates/queries.go:73.2,73.38 1 0
github.com/sandwich/nopher/internal/aggregates/queries.go:77.100,80.16 2 0
github.com/sandwich/nopher/internal/aggregates/queries.go:80.16,82.3 1 0
github.com/sandwich/nopher/internal/aggregates/queries.go:84.2,84.26 1 0
github.com/sandwich/nopher/internal/aggregates/queries.go:84.26,86.3 1 0
github.com/sandwich/nopher/internal/aggregates/queries.go:89.2,90.34 2 0
github.com/sandwich/nopher/internal/aggregates/queries.go:90.34,92.3 1 0
github.com/sandwich/nopher/internal/aggregates/queries.go:95.2,104.16 3 0
github.com/sandwich/nopher/internal/aggregates/queries.go:104.16,106.3 1 0
github.com/sandwich/nopher/internal/aggregates/queries.go:108.2,108.37 1 0
github.com/sandwich/nopher/internal/aggregates/queries.go:112.108,121.16 3 0
github.com/sandwich/nopher/internal/aggregates/queries.go:121.16,123.3 1 0
github.com/sandwich/nopher/internal/aggregates/queries.go:125.2,125.37 1 0
github.com/sandwich/nopher/internal/aggregates/queries.go:129.99,136.16 3 0
github.com/sandwich/nopher/internal/aggregates/queries.go:136.16,138.3 1 0
github.com/sandwich/nopher/internal/aggregates/queries.go:140.2,140.22 1 0
github.com/sandwich/nopher/internal/aggregates/queries.go:140.22,142.3 1 0
github.com/sandwich/nopher/internal/aggregates/queries.go:144.2,148.16 3 0
github.com/sandwich/nopher/internal/aggregates/queries.go:148.16,150.3 1 0
github.com/sandwich/nopher/internal/aggregates/queries.go:153.2,158.16 3 0
github.com/sandwich/nopher/internal/aggregates/queries.go:158.16,160.3 1 0
github.com/sandwich/nopher/internal/aggregates/queries.go:162.2,163.25 2 0
github.com/sandwich/nopher/internal/aggregates/queries.go:163.25,165.3 1 0
github.com/sandwich/nopher/internal/aggregates/queries.go:165.8,167.3 1 0
github.com/sandwich/nopher/internal/aggregates/queries.go:170.2,171.16 2 0
github.com/sandwich/nopher/internal/aggregates/queries.go:171.16,173.3 1 0
github.com/sandwich/nopher/internal/aggregates/queries.go:175.2,178.8 1 0
github.com/sandwich/nopher/internal/aggregates/queries.go:182.107,184.31 2 0
github.com/sandwich/nopher/internal/aggregates/queries.go:184.31,186.3 1 0
github.com/sandwich/nopher/internal/aggregates/queries.go:187.2,187.22 1 0
github.com/sandwich/nopher/internal/aggregates/queries.go:191.92,193.16 2 0
github.com/sandwich/nopher/internal/aggregates/queries.go:193.16,195.3 1 0
github.com/sandwich/nopher/internal/aggregates/queries.go:197.2,200.3 1 0
github.com/sandwich/nopher/internal/aggregates/queries.go:204.98,212.16 3 0
github.com/sandwich/nopher/internal/aggregates/queries.go:212.16,214.3 1 0
github.com/sandwich/nopher/internal/aggregates/queries.go:216.2,217.16 2 0
github.com/sandwich/nopher/internal/aggregates/queries.go:217.16,219.3 1 0
github.com/sandwich/nopher/internal/aggregates/queries.go:222.2,222.43 1 0
github.com/sandwich/nopher/internal/aggregates/queries.go:222.43,224.3 1 0
github.com/sandwich/nopher/internal/aggregates/queries.go:227.2,227.27 1 0
github.com/sandwich/nopher/internal/aggregates/queries.go:227.27,229.3 1 0
github.com/sandwich/nopher/internal/aggregates/queries.go:231.2,231.22 1 0
github.com/sandwich/nopher/internal/aggregates/reactions.go:19.86,24.2 1 0
github.com/sandwich/nopher/internal/aggregates/reactions.go:27.93,28.21 1 0
github.com/sandwich/nopher/internal/aggregates/reactions.go:28.21,30.3 1 0
github.com/sandwich/nopher/internal/aggregates/reactions.go:33.2,34.33 2 0
github.com/sandwich/nopher/internal/aggregates/reactions.go:34.33,35.37 1 0
github.com/sandwich/nopher/internal/aggregates/reactions.go:35.37,37.9 2 0
github.com/sandwich/nopher/internal/aggregates/reactions.go:41.2,41.25 1 0
github.com/sandwich/nopher/internal/aggregates/reactions.go:41.25,43.3 1 0
github.com/sandwich/nopher/internal/aggregates/reactions.go:46.2,47.20 2 0
github.com/sandwich/nopher/internal/aggregates/reactions.go:47.20,49.3 1 0
github.com/sandwich/nopher/internal/aggregates/reactions.go:52.2,52.37 1 0
github.com/sandwich/nopher/internal/aggregates/reactions.go:52.37,54.3 1 0
github.com/sandwich/nopher/internal/aggregates/reactions.go:57.2,57.91 1 0
github.com/sandwich/nopher/internal/aggregates/reactions.go:61.70,62.79 1 0
github.com/sandwich/nopher/internal/aggregates/reactions.go:62.79,64.3 1 0
github.com/sandwich/nopher/internal/aggregates/reactions.go:67.2,67.70 1 0
github.com/sandwich/nopher/internal/aggregates/reactions.go:67.70,68.26 1 0
github.com/sandwich/nopher/internal/aggregates/reactions.go:68.26,70.4 1 0
github.com/sandwich/nopher/internal/aggregates/reactions.go:73.2,73.14 1 0
github.com/sandwich/nopher/internal/aggregates/reactions.go:77.113,79.16 2 0
github.com/sandwich/nopher/internal/aggregates/reactions.go:79.16,81.3 1 0
github.com/sandwich/nopher/internal/aggregates/reactions.go:83.2,83.51 1 0
github.com/sandwich/nopher/internal/aggregates/reactions.go:87.118,89.16 2 0
github.com/sandwich/nopher/internal/aggregates/reactions.go:89.16,91.3 1 0
github.com/sandwich/nopher/internal/aggregates/reactions.go:94.2,95.47 2 0
github.com/sandwich/nopher/internal/aggregates/reactions.go:95.47,100.3 1 0
github.com/sandwich/nopher/internal/aggregates/reactions.go:103.2,103.34 1 0
github.com/sandwich/nopher/internal/aggregates/reactions.go:103.34,104.39 1 0
github.com/sandwich/nopher/internal/aggregates/reactions.go:104.39,105.39 1 0
github.com/sandwich/nopher/internal/aggregates/reactions.go:105.39,107.5 1 0
github.com/sandwich/nopher/internal/aggregates/reactions.go:112.2,112.37 1 0
github.com/sandwich/nopher/internal/aggregates/reactions.go:112.37,114.3 1 0
github.com/sandwich/nopher/internal/aggregates/reactions.go:116.2,116.19 1 0
github.com/sandwich/nopher/internal/aggregates/reconciler.go:19.67,24.2 1 0
github.com/sandwich/nopher/internal/aggregates/reconciler.go:27.80,37.16 3 0
github.com/sandwich/nopher/internal/aggregates/reconciler.go:37.16,39.3 1 0
github.com/sandwich/nopher/internal/aggregates/reconciler.go:42.2,46.37 4 0
github.com/sandwich/nopher/internal/aggregates/reconciler.go:46.37,48.18 2 0
github.com/sandwich/nopher/internal/aggregates/reconciler.go:48.18,50.4 1 0
github.com/sandwich/nopher/internal/aggregates/reconciler.go:51.3,54.49 3 0
github.com/sandwich/nopher/internal/aggregates/reconciler.go:54.49,56.4 1 0
github.com/sandwich/nopher/internal/aggregates/reconciler.go:60.2,68.16 3 0
github.com/sandwich/nopher/internal/aggregates/reconciler.go:68.16,70.3 1 0
github.com/sandwich/nopher/internal/aggregates/reconciler.go:72.2,75.32 3 0
github.com/sandwich/nopher/internal/aggregates/reconciler.go:75.32,78.17 2 0
github.com/sandwich/nopher/internal/aggregates/reconciler.go:78.17,79.12 1 0
github.com/sandwich/nopher/internal/aggregates/reconciler.go:82.3,82.38 1 0
github.com/sandwich/nopher/internal/aggregates/reconciler.go:82.38,84.44 2 0
github.com/sandwich/nopher/internal/aggregates/reconciler.go:84.44,86.5 1 0
github.com/sandwich/nopher/internal/aggregates/reconciler.go:91.2,99.16 3 0
github.com/sandwich/nopher/internal/aggregates/reconciler.go:99.16,101.3 1 0
github.com/sandwich/nopher/internal/aggregates/reconciler.go:103.2,107.27 4 0
github.com/sandwich/nopher/internal/aggregates/reconciler.go:107.27,109.17 2 0
github.com/sandwich/nopher/internal/aggregates/reconciler.go:109.17,110.12 1 0
github.com/sandwich/nopher/internal/aggregates/reconciler.go:113.3,114.39 2 0
github.com/sandwich/nopher/internal/aggregates/reconciler.go:114.39,116.4 1 0
github.com/sandwich/nopher/internal/aggregates/reconciler.go:120.2,121.35 2 0
github.com/sandwich/nopher/internal/aggregates/reconciler.go:121.35,123.3 1 0
github.com/sandwich/nopher/internal/aggregates/reconciler.go:124.2,124.33 1 0
github.com/sandwich/nopher/internal/aggregates/reconciler.go:124.33,126.3 1 0
github.com/sandwich/nopher/internal/aggregates/reconciler.go:129.2,138.42 2 0
github.com/sandwich/nopher/internal/aggregates/reconciler.go:142.62,153.16 3 0
github.com/sandwich/nopher/internal/aggregates/reconciler.go:153.16,155.3 1 0
github.com/sandwich/nopher/internal/aggregates/reconciler.go:157.2,158.37 2 0
github.com/sandwich/nopher/internal/aggregates/reconciler.go:158.37,159.37 1 0
github.com/sandwich/nopher/internal/aggregates/reconciler.go:159.37,160.38 1 0
github.com/sandwich/nopher/internal/aggregates/reconciler.go:160.38,162.5 1 0
github.com/sandwich/nopher/internal/aggregates/reconciler.go:167.2,173.16 3 0
github.com/sandwich/nopher/internal/aggregates/reconciler.go:173.16,175.3 1 0
github.com/sandwich/nopher/internal/aggregates/reconciler.go:177.2,177.32 1 0
github.com/sandwich/nopher/internal/aggregates/reconciler.go:177.32,179.17 2 0
github.com/sandwich/nopher/internal/aggregates/reconciler.go:179.17,180.12 1 0
github.com/sandwich/nopher/internal/aggregates/reconciler.go:183.3,183.33 1 0
github.com/sandwich/nopher/internal/aggregates/reconciler.go:183.33,185.4 1 0
github.com/sandwich/nopher/internal/aggregates/reconciler.go:189.2,195.16 3 0
github.com/sandwich/nopher/internal/aggregates/reconciler.go:195.16,197.3 1 0
github.com/sandwich/nopher/internal/aggregates/reconciler.go:199.2,199.27 1 0
github.com/sandwich/nopher/internal/aggregates/reconciler.go:199.27,200.32 1 0
github.com/sandwich/nopher/internal/aggregates/reconciler.go:200.32,201.38 1 0
github.com/sandwich/nopher/internal/aggregates/reconciler.go:201.38,203.5 1 0
github.com/sandwich/nopher/internal/aggregates/reconciler.go:208.2,208.32 1 0
github.com/sandwich/nopher/internal/aggregates/reconciler.go:208.32,209.56 1 0
github.com/sandwich/nopher/internal/aggregates/reconciler.go:209.56,212.4 1 0
github.com/sandwich/nopher/internal/aggregates/reconciler.go:215.2,215.12 1 0
github.com/sandwich/nopher/internal/aggregates/reconciler.go:219.86,240.33 4 0
github.com/sandwich/nopher/internal/aggregates/reconciler.go:240.33,242.17 2 0
github.com/sandwich/nopher/internal/aggregates/reconciler.go:242.17,243.12 1 0
github.com/sandwich/nopher/internal/aggregates/reconciler.go:246.3,246.32 1 0
github.com/sandwich/nopher/internal/aggregates/reconciler.go:246.32,247.35 1 0
github.com/sandwich/nopher/internal/aggregates/reconciler.go:247.35,248.39 1 0
github.com/sandwich/nopher/internal/aggregates/reconciler.go:248.39,250.6 1 0
github.com/sandwich/nopher/internal/aggregates/reconciler.go:256.2,256.32 1 0
github.com/sandwich/nopher/internal/aggregates/reconciler.go:256.32,257.56 1 0
github.com/sandwich/nopher/internal/aggregates/reconciler.go:257.56,259.4 1 0
github.com/sandwich/nopher/internal/aggregates/reconciler.go:262.2,262.12 1 0
github.com/sandwich/nopher/internal/aggregates/threading.go:17.63,18.21 1 6
github.com/sandwich/nopher/internal/aggregates/threading.go:18.21,20.3 1 1
github.com/sandwich/nopher/internal/aggregates/threading.go:22.2,28.33 3 5
github.com/sandwich/nopher/internal/aggregates/threading.go:28.33,29.37 1 10
github.com/sandwich/nopher/internal/aggregates/threading.go:29.37,31.4 1 10
github.com/sandwich/nopher/internal/aggregates/threading.go:34.2,34.21 1 5
github.com/sandwich/nopher/internal/aggregates/threading.go:34.21,37.3 1 1
github.com/sandwich/nopher/internal/aggregates/threading.go:40.2,40.26 1 4
github.com/sandwich/nopher/internal/aggregates/threading.go:40.26,42.3 1 1
github.com/sandwich/nopher/internal/aggregates/threading.go:45.2,45.42 1 3
github.com/sandwich/nopher/internal/aggregates/threading.go:49.44,50.28 1 4
github.com/sandwich/nopher/internal/aggregates/threading.go:50.28,51.36 1 8
github.com/sandwich/nopher/internal/aggregates/threading.go:51.36,53.4 1 1
github.com/sandwich/nopher/internal/aggregates/threading.go:55.2,55.14 1 3
github.com/sandwich/nopher/internal/aggregates/threading.go:59.55,64.28 2 1
github.com/sandwich/nopher/internal/aggregates/threading.go:64.28,67.20 3 3
github.com/sandwich/nopher/internal/aggregates/threading.go:67.20,69.4 1 3
github.com/sandwich/nopher/internal/aggregates/threading.go:71.3,71.17 1 3
github.com/sandwich/nopher/internal/aggregates/threading.go:72.15,73.30 1 1
github.com/sandwich/nopher/internal/aggregates/threading.go:74.16,75.28 1 1
github.com/sandwich/nopher/internal/aggregates/threading.go:76.18,77.58 1 1
github.com/sandwich/nopher/internal/aggregates/threading.go:78.11,80.58 1 0
github.com/sandwich/nopher/internal/aggregates/threading.go:85.2,85.52 1 1
github.com/sandwich/nopher/internal/aggregates/threading.go:85.52,87.3 1 0
github.com/sandwich/nopher/internal/aggregates/threading.go:89.2,89.13 1 1
github.com/sandwich/nopher/internal/aggregates/threading.go:93.59,98.20 2 3
github.com/sandwich/nopher/internal/aggregates/threading.go:99.9,102.31 2 1
github.com/sandwich/nopher/internal/aggregates/threading.go:104.9,107.31 2 1
github.com/sandwich/nopher/internal/aggregates/threading.go:109.10,115.37 3 1
github.com/sandwich/nopher/internal/aggregates/threading.go:115.37,117.4 1 2
github.com/sandwich/nopher/internal/aggregates/threading.go:120.2,120.13 1 3
github.com/sandwich/nopher/internal/aggregates/threading.go:124.38,126.2 1 3
github.com/sandwich/nopher/internal/aggregates/threading.go:129.37,131.2 1 3
github.com/sandwich/nopher/internal/aggregates/threading.go:134.60,135.26 1 0
github.com/sandwich/nopher/internal/aggregates/threading.go:135.26,137.3 1 0
github.com/sandwich/nopher/internal/aggregates/threading.go:138.2,138.16 1 0
github.com/sandwich/nopher/internal/aggregates/threading.go:142.59,144.33 2 1
github.com/sandwich/nopher/internal/aggregates/threading.go:144.33,145.37 1 4
github.com/sandwich/nopher/internal/aggregates/threading.go:145.37,147.4 1 3
github.com/sandwich/nopher/internal/aggregates/threading.go:149.2,149.16 1 1
github.com/sandwich/nopher/internal/aggregates/threading.go:153.65,154.33 1 3
github.com/sandwich/nopher/internal/aggregates/threading.go:154.33,155.57 1 5
github.com/sandwich/nopher/internal/aggregates/threading.go:155.57,157.4 1 2
github.com/sandwich/nopher/internal/aggregates/threading.go:159.2,159.14 1 1
github.com/sandwich/nopher/internal/aggregates/zaps.go:22.76,27.2 1 0
github.com/sandwich/nopher/internal/aggregates/zaps.go:39.83,40.24 1 0
github.com/sandwich/nopher/internal/aggregates/zaps.go:40.24,42.3 1 0
github.com/sandwich/nopher/internal/aggregates/zaps.go:45.2,46.16 2 0
github.com/sandwich/nopher/internal/aggregates/zaps.go:46.16,48.3 1 0
github.com/sandwich/nopher/internal/aggregates/zaps.go:51.2,51.60 1 0
github.com/sandwich/nopher/internal/aggregates/zaps.go:51.60,53.3 1 0
github.com/sandwich/nopher/internal/aggregates/zaps.go:56.2,56.30 1 0
github.com/sandwich/nopher/internal/aggregates/zaps.go:56.30,58.3 1 0
github.com/sandwich/nopher/internal/aggregates/zaps.go:61.2,61.12 1 0
github.com/sandwich/nopher/internal/aggregates/zaps.go:65.77,69.33 2 0
github.com/sandwich/nopher/internal/aggregates/zaps.go:69.33,70.19 1 0
github.com/sandwich/nopher/internal/aggregates/zaps.go:70.19,71.12 1 0
github.com/sandwich/nopher/internal/aggregates/zaps.go:74.3,74.17 1 0
github.com/sandwich/nopher/internal/aggregates/zaps.go:75.12,76.31 1 0
github.com/sandwich/nopher/internal/aggregates/zaps.go:77.12,78.30 1 0
github.com/sandwich/nopher/internal/aggregates/zaps.go:79.22,81.21 1 0
github.com/sandwich/nopher/internal/aggregates/zaps.go:81.21,82.60 1 0
github.com/sandwich/nopher/internal/aggregates/zaps.go:82.60,84.14 1 0
github.com/sandwich/nopher/internal/aggregates/zaps.go:87.17,89.21 1 0
github.com/sandwich/nopher/internal/aggregates/zaps.go:89.21,91.19 2 0
github.com/sandwich/nopher/internal/aggregates/zaps.go:91.19,93.6 1 0
github.com/sandwich/nopher/internal/aggregates/zaps.go:99.2,99.22 1 0
github.com/sandwich/nopher/internal/aggregates/zaps.go:99.22,101.17 2 0
github.com/sandwich/nopher/internal/aggregates/zaps.go:101.17,103.4 1 0
github.com/sandwich/nopher/internal/aggregates/zaps.go:106.2,106.18 1 0
github.com/sandwich/nopher/internal/aggregates/zaps.go:110.79,116.70 2 0
github.com/sandwich/nopher/internal/aggregates/zaps.go:116.70,118.3 1 0
github.com/sandwich/nopher/internal/aggregates/zaps.go:120.2,123.12 3 0
github.com/sandwich/nopher/internal/aggregates/zaps.go:128.75,136.22 3 5
github.com/sandwich/nopher/internal/aggregates/zaps.go:136.22,138.3 1 1
github.com/sandwich/nopher/internal/aggregates/zaps.go:140.2,141.16 2 4
github.com/sandwich/nopher/internal/aggregates/zaps.go:141.16,143.3 1 0
github.com/sandwich/nopher/internal/aggregates/zaps.go:146.2,147.23 2 4
github.com/sandwich/nopher/internal/aggregates/zaps.go:147.23,149.3 1 4
github.com/sandwich/nopher/internal/aggregates/zaps.go:151.2,151.20 1 4
github.com/sandwich/nopher/internal/aggregates/zaps.go:152.11,153.27 1 1
github.com/sandwich/nopher/internal/aggregates/zaps.go:154.11,155.24 1 1
github.com/sandwich/nopher/internal/aggregates/zaps.go:156.11,157.23 1 1
github.com/sandwich/nopher/internal/aggregates/zaps.go:158.11,159.26 1 0
github.com/sandwich/nopher/internal/aggregates/zaps.go:160.10,161.30 1 1
github.com/sandwich/nopher/internal/aggregates/zaps.go:164.2,164.20 1 4
github.com/sandwich/nopher/internal/aggregates/zaps.go:168.89,170.16 2 0
github.com/sandwich/nopher/internal/aggregates/zaps.go:170.16,172.3 1 0
github.com/sandwich/nopher/internal/aggregates/zaps.go:174.2,174.30 1 0
github.com/sandwich/nopher/internal/aggregates/zaps.go:178.36,179.15 1 8
github.com/sandwich/nopher/internal/aggregates/zaps.go:179.15,181.3 1 1
github.com/sandwich/nopher/internal/aggregates/zaps.go:183.2,183.17 1 7
github.com/sandwich/nopher/internal/aggregates/zaps.go:183.17,185.3 1 2
github.com/sandwich/nopher/internal/aggregates/zaps.go:187.2,187.20 1 5
github.com/sandwich/nopher/internal/aggregates/zaps.go:187.20,189.3 1 3
github.com/sandwich/nopher/internal/aggregates/zaps.go:191.2,191.57 1 2
github.com/sandwich/nopher/internal/nostr/client.go:20.67,27.2 2 12
github.com/sandwich/nopher/internal/nostr/client.go:30.43,32.2 1 1
github.com/sandwich/nopher/internal/nostr/client.go:35.113,39.81 2 0
github.com/sandwich/nopher/internal/nostr/client.go:39.81,40.30 1 0
github.com/sandwich/nopher/internal/nostr/client.go:40.30,42.4 1 0
github.com/sandwich/nopher/internal/nostr/client.go:45.2,45.20 1 0
github.com/sandwich/nopher/internal/nostr/client.go:49.105,55.42 3 0
github.com/sandwich/nopher/internal/nostr/client.go:55.42,57.3 1 0
github.com/sandwich/nopher/internal/nostr/client.go:59.2,59.26 1 0
github.com/sandwich/nopher/internal/nostr/client.go:63.95,69.30 4 0
github.com/sandwich/nopher/internal/nostr/client.go:69.30,70.26 1 0
github.com/sandwich/nopher/internal/nostr/client.go:70.26,72.4 1 0
github.com/sandwich/nopher/internal/nostr/client.go:72.9,74.4 1 0
github.com/sandwich/nopher/internal/nostr/client.go:77.2,77.41 1 0
github.com/sandwich/nopher/internal/nostr/client.go:77.41,79.3 1 0
github.com/sandwich/nopher/internal/nostr/client.go:81.2,81.12 1 0
github.com/sandwich/nopher/internal/nostr/client.go:86.115,89.12 2 0
github.com/sandwich/nopher/internal/nostr/client.go:89.12,92.64 2 0
github.com/sandwich/nopher/internal/nostr/client.go:92.64,93.31 1 0
github.com/sandwich/nopher/internal/nostr/client.go:93.31,94.12 1 0
github.com/sandwich/nopher/internal/nostr/client.go:95.40,95.40 0 0
github.com/sandwich/nopher/internal/nostr/client.go:96.23,97.12 1 0
github.com/sandwich/nopher/internal/nostr/client.go:103.2,103.18 1 0
github.com/sandwich/nopher/internal/nostr/client.go:107.26,109.2 1 12
github.com/sandwich/nopher/internal/nostr/client.go:112.43,113.26 1 4
github.com/sandwich/nopher/internal/nostr/client.go:113.26,115.3 1 1
github.com/sandwich/nopher/internal/nostr/client.go:116.2,116.28 1 3
github.com/sandwich/nopher/internal/nostr/client.go:120.52,121.72 1 3
github.com/sandwich/nopher/internal/nostr/client.go:121.72,123.3 1 2
github.com/sandwich/nopher/internal/nostr/client.go:124.2,124.80 1 1
github.com/sandwich/nopher/internal/nostr/discovery.go:19.72,24.2 1 5
github.com/sandwich/nopher/internal/nostr/discovery.go:28.90,30.26 2 1
github.com/sandwich/nopher/internal/nostr/discovery.go:30.26,32.3 1 1
github.com/sandwich/nopher/internal/nostr/discovery.go:35.2,47.16 6 0
github.com/sandwich/nopher/internal/nostr/discovery.go:47.16,49.3 1 0
github.com/sandwich/nopher/internal/nostr/discovery.go:51.2,51.22 1 0
github.com/sandwich/nopher/internal/nostr/discovery.go:51.22,53.3 1 0
github.com/sandwich/nopher/internal/nostr/discovery.go:56.2,57.16 2 0
github.com/sandwich/nopher/internal/nostr/discovery.go:57.16,59.3 1 0
github.com/sandwich/nopher/internal/nostr/discovery.go:62.2,62.29 1 0
github.com/sandwich/nopher/internal/nostr/discovery.go:62.29,63.60 1 0
github.com/sandwich/nopher/internal/nostr/discovery.go:63.60,65.4 1 0
github.com/sandwich/nopher/internal/nostr/discovery.go:68.2,68.12 1 0
github.com/sandwich/nopher/internal/nostr/discovery.go:73.120,74.28 1 0
github.com/sandwich/nopher/internal/nostr/discovery.go:74.28,76.3 1 0
github.com/sandwich/nopher/internal/nostr/discovery.go:79.2,91.16 6 0
github.com/sandwich/nopher/internal/nostr/discovery.go:91.16,93.3 1 0
github.com/sandwich/nopher/internal/nostr/discovery.go:95.2,95.22 1 0
github.com/sandwich/nopher/internal/nostr/discovery.go:95.22,99.3 1 0
github.com/sandwich/nopher/internal/nostr/discovery.go:102.2,103.16 2 0
github.com/sandwich/nopher/internal/nostr/discovery.go:103.16,105.3 1 0
github.com/sandwich/nopher/internal/nostr/discovery.go:108.2,108.29 1 0
github.com/sandwich/nopher/internal/nostr/discovery.go:108.29,109.60 1 0
github.com/sandwich/nopher/internal/nostr/discovery.go:109.60,111.4 1 0
github.com/sandwich/nopher/internal/nostr/discovery.go:114.2,114.12 1 0
github.com/sandwich/nopher/internal/nostr/discovery.go:119.118,120.28 1 2
github.com/sandwich/nopher/internal/nostr/discovery.go:120.28,122.3 1 1
github.com/sandwich/nopher/internal/nostr/discovery.go:124.2,124.23 1 1
github.com/sandwich/nopher/internal/nostr/discovery.go:124.23,126.3 1 1
github.com/sandwich/nopher/internal/nostr/discovery.go:129.2,140.16 6 0
github.com/sandwich/nopher/internal/nostr/discovery.go:140.16,142.3 1 0
github.com/sandwich/nopher/internal/nostr/discovery.go:145.2,145.31 1 0
github.com/sandwich/nopher/internal/nostr/discovery.go:145.31,147.17 2 0
github.com/sandwich/nopher/internal/nostr/discovery.go:147.17,149.12 1 0
github.com/sandwich/nopher/internal/nostr/discovery.go:153.3,153.30 1 0
github.com/sandwich/nopher/internal/nostr/discovery.go:153.30,154.61 1 0
github.com/sandwich/nopher/internal/nostr/discovery.go:154.61,156.5 1 0
github.com/sandwich/nopher/internal/nostr/discovery.go:160.2,160.12 1 0
github.com/sandwich/nopher/internal/nostr/discovery.go:165.94,168.16 2 3
github.com/sandwich/nopher/internal/nostr/discovery.go:168.16,170.3 1 0
github.com/sandwich/nopher/internal/nostr/discovery.go:172.2,172.21 1 3
github.com/sandwich/nopher/internal/nostr/discovery.go:172.21,174.3 1 1
github.com/sandwich/nopher/internal/nostr/discovery.go:177.2,178.16 2 2
github.com/sandwich/nopher/internal/nostr/discovery.go:178.16,180.3 1 0
github.com/sandwich/nopher/internal/nostr/discovery.go:182.2,182.20 1 2
github.com/sandwich/nopher/internal/nostr/discovery.go:186.111,189.16 2 0
github.com/sandwich/nopher/internal/nostr/discovery.go:189.16,191.3 1 0
github.com/sandwich/nopher/internal/nostr/discovery.go:193.2,193.21 1 0
github.com/sandwich/nopher/internal/nostr/discovery.go:193.21,196.3 1 0
github.com/sandwich/nopher/internal/nostr/discovery.go:199.2,203.29 4 0
github.com/sandwich/nopher/internal/nostr/discovery.go:203.29,205.26 2 0
github.com/sandwich/nopher/internal/nostr/discovery.go:205.26,207.9 2 0
github.com/sandwich/nopher/internal/nostr/discovery.go:211.2,211.19 1 0
github.com/sandwich/nopher/internal/nostr/discovery.go:211.19,213.3 1 0
github.com/sandwich/nopher/internal/nostr/discovery.go:216.2,216.50 1 0
github.com/sandwich/nopher/internal/nostr/relay_hints.go:12.72,13.25 1 6
github.com/sandwich/nopher/internal/nostr/relay_hints.go:13.25,15.3 1 1
github.com/sandwich/nopher/internal/nostr/relay_hints.go:17.2,19.33 2 5
github.com/sandwich/nopher/internal/nostr/relay_hints.go:19.33,20.36 1 12
github.com/sandwich/nopher/internal/nostr/relay_hints.go:20.36,21.12 1 2
github.com/sandwich/nopher/internal/nostr/relay_hints.go:24.3,28.18 3 10
github.com/sandwich/nopher/internal/nostr/relay_hints.go:28.18,29.12 1 1
github.com/sandwich/nopher/internal/nostr/relay_hints.go:32.3,42.20 2 9
github.com/sandwich/nopher/internal/nostr/relay_hints.go:42.20,44.18 2 4
github.com/sandwich/nopher/internal/nostr/relay_hints.go:45.16,46.26 1 2
github.com/sandwich/nopher/internal/nostr/relay_hints.go:47.17,48.25 1 2
github.com/sandwich/nopher/internal/nostr/relay_hints.go:52.3,52.30 1 9
github.com/sandwich/nopher/internal/nostr/relay_hints.go:55.2,55.19 1 5
github.com/sandwich/nopher/internal/nostr/relay_hints.go:60.67,67.29 2 1
github.com/sandwich/nopher/internal/nostr/relay_hints.go:67.29,72.37 3 3
github.com/sandwich/nopher/internal/nostr/relay_hints.go:72.37,74.4 1 1
github.com/sandwich/nopher/internal/nostr/relay_hints.go:74.9,74.44 1 2
github.com/sandwich/nopher/internal/nostr/relay_hints.go:74.44,76.4 1 1
github.com/sandwich/nopher/internal/nostr/relay_hints.go:78.3,78.39 1 3
github.com/sandwich/nopher/internal/nostr/relay_hints.go:81.2,81.14 1 1
github.com/sandwich/nopher/internal/nostr/relay_hints.go:85.40,87.2 1 6
github.com/sandwich/nopher/internal/sync/cursors.go:18.59,22.2 1 7
github.com/sandwich/nopher/internal/sync/cursors.go:26.101,28.16 2 10
github.com/sandwich/nopher/internal/sync/cursors.go:28.16,31.3 1 3
github.com/sandwich/nopher/internal/sync/cursors.go:33.2,33.25 1 7
github.com/sandwich/nopher/internal/sync/cursors.go:37.103,39.2 1 3
github.com/sandwich/nopher/internal/sync/cursors.go:43.112,44.21 1 1
github.com/sandwich/nopher/internal/sync/cursors.go:44.21,46.3 1 0
github.com/sandwich/nopher/internal/sync/cursors.go:49.2,51.29 2 1
github.com/sandwich/nopher/internal/sync/cursors.go:51.29,53.17 2 3
github.com/sandwich/nopher/internal/sync/cursors.go:53.17,54.12 1 0
github.com/sandwich/nopher/internal/sync/cursors.go:57.3,57.40 1 3
github.com/sandwich/nopher/internal/sync/cursors.go:57.40,59.4 1 2
github.com/sandwich/nopher/internal/sync/cursors.go:62.2,62.22 1 1
github.com/sandwich/nopher/internal/sync/cursors.go:66.114,67.22 1 1
github.com/sandwich/nopher/internal/sync/cursors.go:67.22,69.3 1 0
github.com/sandwich/nopher/internal/sync/cursors.go:72.2,74.31 2 1
github.com/sandwich/nopher/internal/sync/cursors.go:74.31,76.78 2 3
github.com/sandwich/nopher/internal/sync/cursors.go:76.78,78.4 1 3
github.com/sandwich/nopher/internal/sync/cursors.go:82.2,82.46 1 1
github.com/sandwich/nopher/internal/sync/cursors.go:82.46,85.17 2 2
github.com/sandwich/nopher/internal/sync/cursors.go:85.17,87.4 1 0
github.com/sandwich/nopher/internal/sync/cursors.go:90.3,90.31 1 2
github.com/sandwich/nopher/internal/sync/cursors.go:90.31,91.71 1 2
github.com/sandwich/nopher/internal/sync/cursors.go:91.71,93.5 1 0
github.com/sandwich/nopher/internal/sync/cursors.go:97.2,97.12 1 1
github.com/sandwich/nopher/internal/sync/cursors.go:101.107,110.2 2 7
github.com/sandwich/nopher/internal/sync/cursors.go:113.95,115.16 2 1
github.com/sandwich/nopher/internal/sync/cursors.go:115.16,117.3 1 0
github.com/sandwich/nopher/internal/sync/cursors.go:120.2,121.31 2 1
github.com/sandwich/nopher/internal/sync/cursors.go:121.31,122.41 1 3
github.com/sandwich/nopher/internal/sync/cursors.go:122.41,124.4 1 2
github.com/sandwich/nopher/internal/sync/cursors.go:125.3,125.49 1 3
github.com/sandwich/nopher/internal/sync/cursors.go:128.2,128.21 1 1
github.com/sandwich/nopher/internal/sync/cursors.go:133.59,140.2 2 5
github.com/sandwich/nopher/internal/sync/cursors.go:143.141,144.33 1 0
github.com/sandwich/nopher/internal/sync/cursors.go:144.33,146.3 1 0
github.com/sandwich/nopher/internal/sync/cursors.go:148.2,149.16 2 0
github.com/sandwich/nopher/internal/sync/cursors.go:149.16,152.3 1 0
github.com/sandwich/nopher/internal/sync/cursors.go:154.2,155.65 2 0
github.com/sandwich/nopher/internal/sync/engine.go:34.110,54.2 6 0
github.com/sandwich/nopher/internal/sync/engine.go:57.32,59.38 1 0
github.com/sandwich/nopher/internal/sync/engine.go:59.38,61.3 1 0
github.com/sandwich/nopher/internal/sync/engine.go:64.2,75.12 7 0
github.com/sandwich/nopher/internal/sync/engine.go:79.25,83.2 3 0
github.com/sandwich/nopher/internal/sync/engine.go:86.36,90.75 2 0
github.com/sandwich/nopher/internal/sync/engine.go:90.75,92.3 1 0
github.com/sandwich/nopher/internal/sync/engine.go:95.2,103.16 4 0
github.com/sandwich/nopher/internal/sync/engine.go:103.16,105.3 1 0
github.com/sandwich/nopher/internal/sync/engine.go:107.2,107.21 1 0
github.com/sandwich/nopher/internal/sync/engine.go:107.21,109.83 1 0
github.com/sandwich/nopher/internal/sync/engine.go:109.83,111.4 1 0
github.com/sandwich/nopher/internal/sync/engine.go:115.2,116.16 2 0
github.com/sandwich/nopher/internal/sync/engine.go:116.16,118.3 1 0
github.com/sandwich/nopher/internal/sync/engine.go:121.2,122.41 2 0
github.com/sandwich/nopher/internal/sync/engine.go:122.41,124.3 1 0
github.com/sandwich/nopher/internal/sync/engine.go:126.2,126.94 1 0
github.com/sandwich/nopher/internal/sync/engine.go:126.94,128.3 1 0
github.com/sandwich/nopher/internal/sync/engine.go:130.2,130.12 1 0
github.com/sandwich/nopher/internal/sync/engine.go:134.35,140.6 4 0
github.com/sandwich/nopher/internal/sync/engine.go:140.6,141.10 1 0
github.com/sandwich/nopher/internal/sync/engine.go:142.23,143.10 1 0
github.com/sandwich/nopher/internal/sync/engine.go:144.19,145.39 1 0
github.com/sandwich/nopher/internal/sync/engine.go:145.39,148.5 1 0
github.com/sandwich/nopher/internal/sync/engine.go:154.35,159.16 3 0
github.com/sandwich/nopher/internal/sync/engine.go:159.16,161.3 1 0
github.com/sandwich/nopher/internal/sync/engine.go:164.2,165.22 2 0
github.com/sandwich/nopher/internal/sync/engine.go:165.22,167.3 1 0
github.com/sandwich/nopher/internal/sync/engine.go:170.2,171.31 2 0
github.com/sandwich/nopher/internal/sync/engine.go:171.31,174.17 2 0
github.com/sandwich/nopher/internal/sync/engine.go:174.17,175.12 1 0
github.com/sandwich/nopher/internal/sync/engine.go:179.3,182.48 2 0
github.com/sandwich/nopher/internal/sync/engine.go:182.48,185.4 2 0
github.com/sandwich/nopher/internal/sync/engine.go:188.3,188.38 1 0
github.com/sandwich/nopher/internal/sync/engine.go:191.2,191.12 1 0
github.com/sandwich/nopher/internal/sync/engine.go:195.71,201.31 4 0
github.com/sandwich/nopher/internal/sync/engine.go:201.31,202.10 1 0
github.com/sandwich/nopher/internal/sync/engine.go:203.29,203.29 0 0
github.com/sandwich/nopher/internal/sync/engine.go:204.23,205.10 1 0
github.com/sandwich/nopher/internal/sync/engine.go:211.33,214.33 2 0
github.com/sandwich/nopher/internal/sync/engine.go:214.33,215.47 1 0
github.com/sandwich/nopher/internal/sync/engine.go:215.47,218.4 1 0
github.com/sandwich/nopher/internal/sync/engine.go:223.57,225.59 1 0
github.com/sandwich/nopher/internal/sync/engine.go:225.59,227.3 1 0
github.com/sandwich/nopher/internal/sync/engine.go:230.2,230.20 1 0
github.com/sandwich/nopher/internal/sync/engine.go:231.9,233.90 1 0
github.com/sandwich/nopher/internal/sync/engine.go:233.90,235.4 1 0
github.com/sandwich/nopher/internal/sync/engine.go:238.3,238.79 1 0
github.com/sandwich/nopher/internal/sync/engine.go:238.79,240.4 1 0
github.com/sandwich/nopher/internal/sync/engine.go:242.13,245.17 2 0
github.com/sandwich/nopher/internal/sync/engine.go:245.17,247.4 1 0
github.com/sandwich/nopher/internal/sync/engine.go:249.3,249.30 1 0
github.com/sandwich/nopher/internal/sync/engine.go:249.30,250.63 1 0
github.com/sandwich/nopher/internal/sync/engine.go:250.63,252.5 1 0
github.com/sandwich/nopher/internal/sync/engine.go:255.9,257.58 1 0
github.com/sandwich/nopher/internal/sync/engine.go:257.58,259.4 1 0
github.com/sandwich/nopher/internal/sync/engine.go:261.9,263.55 1 0
github.com/sandwich/nopher/internal/sync/engine.go:263.55,265.4 1 0
github.com/sandwich/nopher/internal/sync/engine.go:267.12,269.53 1 0
github.com/sandwich/nopher/internal/sync/engine.go:269.53,271.4 1 0
github.com/sandwich/nopher/internal/sync/engine.go:274.2,274.12 1 0
github.com/sandwich/nopher/internal/sync/engine.go:278.36,284.6 4 0
github.com/sandwich/nopher/internal/sync/engine.go:284.6,285.10 1 0
github.com/sandwich/nopher/internal/sync/engine.go:286.23,287.10 1 0
github.com/sandwich/nopher/internal/sync/engine.go:288.19,289.50 1 0
github.com/sandwich/nopher/internal/sync/engine.go:289.50,291.5 1 0
github.com/sandwich/nopher/internal/sync/engine.go:297.46,302.16 3 0
github.com/sandwich/nopher/internal/sync/engine.go:302.16,304.3 1 0
github.com/sandwich/nopher/internal/sync/engine.go:307.2,308.22 2 0
github.com/sandwich/nopher/internal/sync/engine.go:308.22,310.3 1 0
github.com/sandwich/nopher/internal/sync/engine.go:313.2,317.16 3 0
github.com/sandwich/nopher/internal/sync/engine.go:317.16,319.3 1 0
github.com/sandwich/nopher/internal/sync/engine.go:322.2,322.31 1 0
github.com/sandwich/nopher/internal/sync/engine.go:322.31,323.47 1 0
github.com/sandwich/nopher/internal/sync/engine.go:323.47,325.4 1 0
github.com/sandwich/nopher/internal/sync/engine.go:328.2,328.12 1 0
github.com/sandwich/nopher/internal/sync/engine.go:332.61,335.33 2 0
github.com/sandwich/nopher/internal/sync/engine.go:335.33,337.17 2 0
github.com/sandwich/nopher/internal/sync/engine.go:337.17,338.12 1 0
github.com/sandwich/nopher/internal/sync/engine.go:341.3,341.32 1 0
github.com/sandwich/nopher/internal/sync/engine.go:341.32,343.4 1 0
github.com/sandwich/nopher/internal/sync/engine.go:347.2,348.30 2 0
github.com/sandwich/nopher/internal/sync/engine.go:348.30,350.3 1 0
github.com/sandwich/nopher/internal/sync/engine.go:352.2,352.15 1 0
github.com/sandwich/nopher/internal/sync/engine.go:356.68,359.33 2 0
github.com/sandwich/nopher/internal/sync/engine.go:359.33,360.37 1 0
github.com/sandwich/nopher/internal/sync/engine.go:360.37,362.9 2 0
github.com/sandwich/nopher/internal/sync/engine.go:366.2,366.25 1 0
github.com/sandwich/nopher/internal/sync/engine.go:366.25,368.3 1 0
github.com/sandwich/nopher/internal/sync/engine.go:371.2,372.20 2 0
github.com/sandwich/nopher/internal/sync/engine.go:372.20,374.3 1 0
github.com/sandwich/nopher/internal/sync/engine.go:376.2,376.92 1 0
github.com/sandwich/nopher/internal/sync/engine.go:379.65,382.33 2 0
github.com/sandwich/nopher/internal/sync/engine.go:382.33,383.37 1 0
github.com/sandwich/nopher/internal/sync/engine.go:383.37,385.9 2 0
github.com/sandwich/nopher/internal/sync/engine.go:389.2,389.25 1 0
github.com/sandwich/nopher/internal/sync/engine.go:389.25,391.3 1 0
github.com/sandwich/nopher/internal/sync/engine.go:393.2,393.84 1 0
github.com/sandwich/nopher/internal/sync/engine.go:396.63,402.33 3 0
github.com/sandwich/nopher/internal/sync/engine.go:402.33,403.37 1 0
github.com/sandwich/nopher/internal/sync/engine.go:403.37,405.9 2 0
github.com/sandwich/nopher/internal/sync/engine.go:409.2,409.25 1 0
github.com/sandwich/nopher/internal/sync/engine.go:409.25,411.3 1 0
github.com/sandwich/nopher/internal/sync/engine.go:413.2,413.85 1 0
github.com/sandwich/nopher/internal/sync/filters.go:14.56,18.2 1 14
github.com/sandwich/nopher/internal/sync/filters.go:21.85,22.23 1 3
github.com/sandwich/nopher/internal/sync/filters.go:22.23,24.3 1 1
github.com/sandwich/nopher/internal/sync/filters.go:26.2,27.21 2 2
github.com/sandwich/nopher/internal/sync/filters.go:27.21,30.3 1 1
github.com/sandwich/nopher/internal/sync/filters.go:32.2,41.15 3 2
github.com/sandwich/nopher/internal/sync/filters.go:41.15,44.3 2 1
github.com/sandwich/nopher/internal/sync/filters.go:47.2,47.81 1 2
github.com/sandwich/nopher/internal/sync/filters.go:47.81,49.3 1 0
github.com/sandwich/nopher/internal/sync/filters.go:51.2,53.16 2 2
github.com/sandwich/nopher/internal/sync/filters.go:57.91,59.21 2 1
github.com/sandwich/nopher/internal/sync/filters.go:59.21,61.3 1 0
github.com/sandwich/nopher/internal/sync/filters.go:63.2,70.15 2 1
github.com/sandwich/nopher/internal/sync/filters.go:70.15,73.3 2 1
github.com/sandwich/nopher/internal/sync/filters.go:75.2,75.15 1 1
github.com/sandwich/nopher/internal/sync/filters.go:79.94,87.15 2 1
github.com/sandwich/nopher/internal/sync/filters.go:87.15,90.3 2 1
github.com/sandwich/nopher/internal/sync/filters.go:92.2,92.15 1 1
github.com/sandwich/nopher/internal/sync/filters.go:97.80,106.81 3 1
github.com/sandwich/nopher/internal/sync/filters.go:106.81,108.3 1 0
github.com/sandwich/nopher/internal/sync/filters.go:110.2,110.15 1 1
github.com/sandwich/nopher/internal/sync/filters.go:114.66,116.57 1 5
github.com/sandwich/nopher/internal/sync/filters.go:116.57,117.23 1 2
github.com/sandwich/nopher/internal/sync/filters.go:117.23,119.4 1 1
github.com/sandwich/nopher/internal/sync/filters.go:123.2,123.47 1 4
github.com/sandwich/nopher/internal/sync/filters.go:123.47,124.60 1 2
github.com/sandwich/nopher/internal/sync/filters.go:124.60,125.25 1 2
github.com/sandwich/nopher/internal/sync/filters.go:125.25,127.5 1 1
github.com/sandwich/nopher/internal/sync/filters.go:129.3,129.15 1 1
github.com/sandwich/nopher/internal/sync/filters.go:132.2,132.13 1 2
github.com/sandwich/nopher/internal/sync/filters.go:136.53,137.30 1 2
github.com/sandwich/nopher/internal/sync/filters.go:137.30,139.3 1 1
github.com/sandwich/nopher/internal/sync/filters.go:141.2,141.49 1 1
github.com/sandwich/nopher/internal/sync/graph.go:19.66,24.2 1 9
github.com/sandwich/nopher/internal/sync/graph.go:27.102,28.21 1 1
github.com/sandwich/nopher/internal/sync/graph.go:28.21,30.3 1 0
github.com/sandwich/nopher/internal/sync/graph.go:33.2,34.33 2 1
github.com/sandwich/nopher/internal/sync/graph.go:34.33,35.37 1 3
github.com/sandwich/nopher/internal/sync/graph.go:35.37,37.4 1 3
github.com/sandwich/nopher/internal/sync/graph.go:41.2,42.32 2 1
github.com/sandwich/nopher/internal/sync/graph.go:42.32,44.3 1 1
github.com/sandwich/nopher/internal/sync/graph.go:44.8,48.17 2 0
github.com/sandwich/nopher/internal/sync/graph.go:48.17,50.4 1 0
github.com/sandwich/nopher/internal/sync/graph.go:53.3,53.30 1 0
github.com/sandwich/nopher/internal/sync/graph.go:53.30,54.35 1 0
github.com/sandwich/nopher/internal/sync/graph.go:54.35,56.10 2 0
github.com/sandwich/nopher/internal/sync/graph.go:62.2,62.43 1 1
github.com/sandwich/nopher/internal/sync/graph.go:62.43,71.60 2 3
github.com/sandwich/nopher/internal/sync/graph.go:71.60,73.4 1 0
github.com/sandwich/nopher/internal/sync/graph.go:76.2,76.12 1 1
github.com/sandwich/nopher/internal/sync/graph.go:80.78,83.16 2 0
github.com/sandwich/nopher/internal/sync/graph.go:83.16,85.3 1 0
github.com/sandwich/nopher/internal/sync/graph.go:87.2,88.32 2 0
github.com/sandwich/nopher/internal/sync/graph.go:88.32,89.22 1 0
github.com/sandwich/nopher/internal/sync/graph.go:89.22,91.4 1 0
github.com/sandwich/nopher/internal/sync/graph.go:95.2,95.44 1 0
github.com/sandwich/nopher/internal/sync/graph.go:95.44,104.17 3 0
github.com/sandwich/nopher/internal/sync/graph.go:104.17,105.12 1 0
github.com/sandwich/nopher/internal/sync/graph.go:108.3,108.23 1 0
github.com/sandwich/nopher/internal/sync/graph.go:108.23,109.12 1 0
github.com/sandwich/nopher/internal/sync/graph.go:113.3,114.38 2 0
github.com/sandwich/nopher/internal/sync/graph.go:114.38,115.62 1 0
github.com/sandwich/nopher/internal/sync/graph.go:115.62,117.10 2 0
github.com/sandwich/nopher/internal/sync/graph.go:122.3,122.15 1 0
github.com/sandwich/nopher/internal/sync/graph.go:122.15,125.18 2 0
github.com/sandwich/nopher/internal/sync/graph.go:125.18,126.13 1 0
github.com/sandwich/nopher/internal/sync/graph.go:129.4,129.31 1 0
github.com/sandwich/nopher/internal/sync/graph.go:129.31,130.38 1 0
github.com/sandwich/nopher/internal/sync/graph.go:130.38,132.63 2 0
github.com/sandwich/nopher/internal/sync/graph.go:132.63,134.7 1 0
github.com/sandwich/nopher/internal/sync/graph.go:135.6,135.11 1 0
github.com/sandwich/nopher/internal/sync/graph.go:141.2,141.12 1 0
github.com/sandwich/nopher/internal/sync/graph.go:145.93,146.23 1 3
github.com/sandwich/nopher/internal/sync/graph.go:147.14,148.35 1 1
github.com/sandwich/nopher/internal/sync/graph.go:150.19,152.17 2 1
github.com/sandwich/nopher/internal/sync/graph.go:152.17,154.4 1 0
github.com/sandwich/nopher/internal/sync/graph.go:155.3,157.37 3 1
github.com/sandwich/nopher/internal/sync/graph.go:159.16,161.17 2 1
github.com/sandwich/nopher/internal/sync/graph.go:161.17,163.4 1 0
github.com/sandwich/nopher/internal/sync/graph.go:164.3,166.37 3 1
github.com/sandwich/nopher/internal/sync/graph.go:168.14,171.20 2 0
github.com/sandwich/nopher/internal/sync/graph.go:171.20,173.4 1 0
github.com/sandwich/nopher/internal/sync/graph.go:175.3,176.17 2 0
github.com/sandwich/nopher/internal/sync/graph.go:176.17,178.4 1 0
github.com/sandwich/nopher/internal/sync/graph.go:181.3,183.30 3 0
github.com/sandwich/nopher/internal/sync/graph.go:183.30,185.4 1 0
github.com/sandwich/nopher/internal/sync/graph.go:187.3,188.33 2 0
github.com/sandwich/nopher/internal/sync/graph.go:188.33,190.4 1 0
github.com/sandwich/nopher/internal/sync/graph.go:192.3,192.37 1 0
github.com/sandwich/nopher/internal/sync/graph.go:194.10,195.35 1 0
github.com/sandwich/nopher/internal/sync/graph.go:200.56,203.33 2 6
github.com/sandwich/nopher/internal/sync/graph.go:203.33,206.54 2 18
github.com/sandwich/nopher/internal/sync/graph.go:206.54,207.27 1 3
github.com/sandwich/nopher/internal/sync/graph.go:207.27,209.10 2 1
github.com/sandwich/nopher/internal/sync/graph.go:212.3,212.13 1 18
github.com/sandwich/nopher/internal/sync/graph.go:212.13,213.12 1 1
github.com/sandwich/nopher/internal/sync/graph.go:217.3,217.41 1 17
github.com/sandwich/nopher/internal/sync/graph.go:217.41,219.57 2 3
github.com/sandwich/nopher/internal/sync/graph.go:219.57,220.29 1 3
github.com/sandwich/nopher/internal/sync/graph.go:220.29,222.11 2 1
github.com/sandwich/nopher/internal/sync/graph.go:225.4,225.16 1 3
github.com/sandwich/nopher/internal/sync/graph.go:225.16,226.13 1 2
github.com/sandwich/nopher/internal/sync/graph.go:230.3,230.38 1 15
github.com/sandwich/nopher/internal/sync/graph.go:234.2,234.68 1 6
github.com/sandwich/nopher/internal/sync/graph.go:234.68,236.3 1 1
github.com/sandwich/nopher/internal/sync/graph.go:238.2,238.17 1 6
github.com/sandwich/nopher/internal/storage/aggregates.go:20.76,22.16 2 2
github.com/sandwich/nopher/internal/storage/aggregates.go:22.16,24.3 1 0
github.com/sandwich/nopher/internal/storage/aggregates.go:26.2,43.16 3 2
github.com/sandwich/nopher/internal/storage/aggregates.go:43.16,45.3 1 0
github.com/sandwich/nopher/internal/storage/aggregates.go:47.2,47.12 1 2
github.com/sandwich/nopher/internal/storage/aggregates.go:51.89,66.16 5 6
github.com/sandwich/nopher/internal/storage/aggregates.go:66.16,68.3 1 1
github.com/sandwich/nopher/internal/storage/aggregates.go:70.2,70.30 1 5
github.com/sandwich/nopher/internal/storage/aggregates.go:70.30,71.89 1 5
github.com/sandwich/nopher/internal/storage/aggregates.go:71.89,73.4 1 0
github.com/sandwich/nopher/internal/storage/aggregates.go:74.8,76.3 1 0
github.com/sandwich/nopher/internal/storage/aggregates.go:78.2,78.18 1 5
github.com/sandwich/nopher/internal/storage/aggregates.go:82.104,83.24 1 1
github.com/sandwich/nopher/internal/storage/aggregates.go:83.24,85.3 1 0
github.com/sandwich/nopher/internal/storage/aggregates.go:88.2,90.30 3 1
github.com/sandwich/nopher/internal/storage/aggregates.go:90.30,91.12 1 2
github.com/sandwich/nopher/internal/storage/aggregates.go:91.12,93.4 1 1
github.com/sandwich/nopher/internal/storage/aggregates.go:94.3,95.15 2 2
github.com/sandwich/nopher/internal/storage/aggregates.go:98.2,106.16 3 1
github.com/sandwich/nopher/internal/storage/aggregates.go:106.16,108.3 1 0
github.com/sandwich/nopher/internal/storage/aggregates.go:109.2,112.18 3 1
github.com/sandwich/nopher/internal/storage/aggregates.go:112.18,119.17 3 1
github.com/sandwich/nopher/internal/storage/aggregates.go:119.17,121.4 1 0
github.com/sandwich/nopher/internal/storage/aggregates.go:123.3,123.31 1 1
github.com/sandwich/nopher/internal/storage/aggregates.go:123.31,124.90 1 1
github.com/sandwich/nopher/internal/storage/aggregates.go:124.90,126.5 1 0
github.com/sandwich/nopher/internal/storage/aggregates.go:127.9,129.4 1 0
github.com/sandwich/nopher/internal/storage/aggregates.go:131.3,131.33 1 1
github.com/sandwich/nopher/internal/storage/aggregates.go:134.2,134.35 1 1
github.com/sandwich/nopher/internal/storage/aggregates.go:134.35,136.3 1 0
github.com/sandwich/nopher/internal/storage/aggregates.go:138.2,138.24 1 1
github.com/sandwich/nopher/internal/storage/aggregates.go:142.103,152.16 3 1
github.com/sandwich/nopher/internal/storage/aggregates.go:152.16,154.3 1 0
github.com/sandwich/nopher/internal/storage/aggregates.go:156.2,156.12 1 1
github.com/sandwich/nopher/internal/storage/aggregates.go:160.118,163.16 2 1
github.com/sandwich/nopher/internal/storage/aggregates.go:163.16,170.3 1 0
github.com/sandwich/nopher/internal/storage/aggregates.go:173.2,175.43 3 1
github.com/sandwich/nopher/internal/storage/aggregates.go:175.43,177.3 1 1
github.com/sandwich/nopher/internal/storage/aggregates.go:179.2,179.34 1 1
github.com/sandwich/nopher/internal/storage/aggregates.go:183.108,193.16 3 1
github.com/sandwich/nopher/internal/storage/aggregates.go:193.16,195.3 1 0
github.com/sandwich/nopher/internal/storage/aggregates.go:197.2,197.12 1 1
github.com/sandwich/nopher/internal/storage/aggregates.go:201.78,204.16 3 1
github.com/sandwich/nopher/internal/storage/aggregates.go:204.16,206.3 1 0
github.com/sandwich/nopher/internal/storage/aggregates.go:207.2,207.12 1 1
github.com/sandwich/nopher/internal/storage/graph_nodes.go:18.77,29.17 3 1
github.com/sandwich/nopher/internal/storage/graph_nodes.go:29.17,31.3 1 1
github.com/sandwich/nopher/internal/storage/graph_nodes.go:33.2,35.16 2 1
github.com/sandwich/nopher/internal/storage/graph_nodes.go:35.16,37.3 1 0
github.com/sandwich/nopher/internal/storage/graph_nodes.go:39.2,39.12 1 1
github.com/sandwich/nopher/internal/storage/graph_nodes.go:43.109,52.16 3 2
github.com/sandwich/nopher/internal/storage/graph_nodes.go:52.16,54.3 1 0
github.com/sandwich/nopher/internal/storage/graph_nodes.go:55.2,58.18 3 2
github.com/sandwich/nopher/internal/storage/graph_nodes.go:58.18,64.17 3 1
github.com/sandwich/nopher/internal/storage/graph_nodes.go:64.17,66.4 1 0
github.com/sandwich/nopher/internal/storage/graph_nodes.go:68.3,69.31 2 1
github.com/sandwich/nopher/internal/storage/graph_nodes.go:72.2,72.35 1 2
github.com/sandwich/nopher/internal/storage/graph_nodes.go:72.35,74.3 1 0
github.com/sandwich/nopher/internal/storage/graph_nodes.go:76.2,76.19 1 2
github.com/sandwich/nopher/internal/storage/graph_nodes.go:80.97,89.16 3 1
github.com/sandwich/nopher/internal/storage/graph_nodes.go:89.16,91.3 1 0
github.com/sandwich/nopher/internal/storage/graph_nodes.go:92.2,95.18 3 1
github.com/sandwich/nopher/internal/storage/graph_nodes.go:95.18,97.44 2 1
github.com/sandwich/nopher/internal/storage/graph_nodes.go:97.44,99.4 1 0
github.com/sandwich/nopher/internal/storage/graph_nodes.go:100.3,100.36 1 1
github.com/sandwich/nopher/internal/storage/graph_nodes.go:103.2,103.35 1 1
github.com/sandwich/nopher/internal/storage/graph_nodes.go:103.35,105.3 1 0
github.com/sandwich/nopher/internal/storage/graph_nodes.go:107.2,107.21 1 1
github.com/sandwich/nopher/internal/storage/graph_nodes.go:111.94,120.16 3 1
github.com/sandwich/nopher/internal/storage/graph_nodes.go:120.16,122.3 1 0
github.com/sandwich/nopher/internal/storage/graph_nodes.go:123.2,126.18 3 1
github.com/sandwich/nopher/internal/storage/graph_nodes.go:126.18,128.44 2 1
github.com/sandwich/nopher/internal/storage/graph_nodes.go:128.44,130.4 1 0
github.com/sandwich/nopher/internal/storage/graph_nodes.go:131.3,131.36 1 1
github.com/sandwich/nopher/internal/storage/graph_nodes.go:134.2,134.35 1 1
github.com/sandwich/nopher/internal/storage/graph_nodes.go:134.35,136.3 1 0
github.com/sandwich/nopher/internal/storage/graph_nodes.go:138.2,138.21 1 1
github.com/sandwich/nopher/internal/storage/graph_nodes.go:142.82,145.16 3 1
github.com/sandwich/nopher/internal/storage/graph_nodes.go:145.16,147.3 1 0
github.com/sandwich/nopher/internal/storage/graph_nodes.go:148.2,148.12 1 1
github.com/sandwich/nopher/internal/storage/lmdb.go:9.55,13.2 1 1
github.com/sandwich/nopher/internal/storage/migrations.go:9.60,10.17 1 6
github.com/sandwich/nopher/internal/storage/migrations.go:10.17,12.3 1 0
github.com/sandwich/nopher/internal/storage/migrations.go:14.2,60.39 2 6
github.com/sandwich/nopher/internal/storage/migrations.go:60.39,61.61 1 36
github.com/sandwich/nopher/internal/storage/migrations.go:61.61,63.4 1 0
github.com/sandwich/nopher/internal/storage/migrations.go:66.2,66.12 1 6
github.com/sandwich/nopher/internal/storage/relay_hints.go:19.77,32.18 3 1
github.com/sandwich/nopher/internal/storage/relay_hints.go:32.18,34.3 1 1
github.com/sandwich/nopher/internal/storage/relay_hints.go:35.2,36.19 2 1
github.com/sandwich/nopher/internal/storage/relay_hints.go:36.19,38.3 1 1
github.com/sandwich/nopher/internal/storage/relay_hints.go:40.2,42.16 2 1
github.com/sandwich/nopher/internal/storage/relay_hints.go:42.16,44.3 1 0
github.com/sandwich/nopher/internal/storage/relay_hints.go:46.2,46.12 1 1
github.com/sandwich/nopher/internal/storage/relay_hints.go:50.91,59.16 3 2
github.com/sandwich/nopher/internal/storage/relay_hints.go:59.16,61.3 1 0
github.com/sandwich/nopher/internal/storage/relay_hints.go:62.2,65.18 3 2
github.com/sandwich/nopher/internal/storage/relay_hints.go:65.18,72.17 3 1
github.com/sandwich/nopher/internal/storage/relay_hints.go:72.17,74.4 1 0
github.com/sandwich/nopher/internal/storage/relay_hints.go:76.3,78.31 3 1
github.com/sandwich/nopher/internal/storage/relay_hints.go:81.2,81.35 1 2
github.com/sandwich/nopher/internal/storage/relay_hints.go:81.35,83.3 1 0
github.com/sandwich/nopher/internal/storage/relay_hints.go:85.2,85.19 1 2
github.com/sandwich/nopher/internal/storage/relay_hints.go:89.88,98.16 3 1
github.com/sandwich/nopher/internal/storage/relay_hints.go:98.16,100.3 1 0
github.com/sandwich/nopher/internal/storage/relay_hints.go:101.2,104.18 3 1
github.com/sandwich/nopher/internal/storage/relay_hints.go:104.18,106.43 2 1
github.com/sandwich/nopher/internal/storage/relay_hints.go:106.43,108.4 1 0
github.com/sandwich/nopher/internal/storage/relay_hints.go:109.3,109.33 1 1
github.com/sandwich/nopher/internal/storage/relay_hints.go:112.2,112.35 1 1
github.com/sandwich/nopher/internal/storage/relay_hints.go:112.35,114.3 1 0
github.com/sandwich/nopher/internal/storage/relay_hints.go:116.2,116.20 1 1
github.com/sandwich/nopher/internal/storage/relay_hints.go:120.87,129.16 3 1
github.com/sandwich/nopher/internal/storage/relay_hints.go:129.16,131.3 1 0
github.com/sandwich/nopher/internal/storage/relay_hints.go:132.2,135.18 3 1
github.com/sandwich/nopher/internal/storage/relay_hints.go:135.18,137.43 2 1
github.com/sandwich/nopher/internal/storage/relay_hints.go:137.43,139.4 1 0
github.com/sandwich/nopher/internal/storage/relay_hints.go:140.3,140.33 1 1
github.com/sandwich/nopher/internal/storage/relay_hints.go:143.2,143.35 1 1
github.com/sandwich/nopher/internal/storage/relay_hints.go:143.35,145.3 1 0
github.com/sandwich/nopher/internal/storage/relay_hints.go:147.2,147.20 1 1
github.com/sandwich/nopher/internal/storage/relay_hints.go:151.78,154.16 3 1
github.com/sandwich/nopher/internal/storage/relay_hints.go:154.16,156.3 1 0
github.com/sandwich/nopher/internal/storage/relay_hints.go:157.2,157.12 1 1
github.com/sandwich/nopher/internal/storage/sqlite.go:16.57,19.64 2 6
github.com/sandwich/nopher/internal/storage/sqlite.go:19.64,21.3 1 0
github.com/sandwich/nopher/internal/storage/sqlite.go:24.2,28.34 2 6
github.com/sandwich/nopher/internal/storage/sqlite.go:28.34,30.3 1 0
github.com/sandwich/nopher/internal/storage/sqlite.go:33.2,42.16 7 6
github.com/sandwich/nopher/internal/storage/sqlite.go:42.16,44.3 1 0
github.com/sandwich/nopher/internal/storage/sqlite.go:47.2,53.17 1 6
github.com/sandwich/nopher/internal/storage/sqlite.go:53.17,56.3 2 0
github.com/sandwich/nopher/internal/storage/sqlite.go:58.2,59.12 2 6
github.com/sandwich/nopher/internal/storage/storage.go:21.70,27.20 2 8
github.com/sandwich/nopher/internal/storage/storage.go:28.16,29.43 1 6
github.com/sandwich/nopher/internal/storage/storage.go:29.43,31.4 1 0
github.com/sandwich/nopher/internal/storage/storage.go:32.14,33.41 1 1
github.com/sandwich/nopher/internal/storage/storage.go:33.41,35.4 1 1
github.com/sandwich/nopher/internal/storage/storage.go:36.10,37.71 1 1
github.com/sandwich/nopher/internal/storage/storage.go:41.2,41.45 1 6
github.com/sandwich/nopher/internal/storage/storage.go:41.45,43.3 1 0
github.com/sandwich/nopher/internal/storage/storage.go:45.2,45.15 1 6
github.com/sandwich/nopher/internal/storage/storage.go:49.41,51.2 1 0
github.com/sandwich/nopher/internal/storage/storage.go:54.32,56.2 1 0
github.com/sandwich/nopher/internal/storage/storage.go:59.77,60.20 1 1
github.com/sandwich/nopher/internal/storage/storage.go:60.20,62.3 1 0
github.com/sandwich/nopher/internal/storage/storage.go:65.2,65.45 1 1
github.com/sandwich/nopher/internal/storage/storage.go:65.45,66.45 1 1
github.com/sandwich/nopher/internal/storage/storage.go:66.45,68.4 1 0
github.com/sandwich/nopher/internal/storage/storage.go:71.2,71.12 1 1
github.com/sandwich/nopher/internal/storage/storage.go:75.97,76.20 1 1
github.com/sandwich/nopher/internal/storage/storage.go:76.20,78.3 1 0
github.com/sandwich/nopher/internal/storage/storage.go:81.2,81.35 1 1
github.com/sandwich/nopher/internal/storage/storage.go:81.35,83.3 1 0
github.com/sandwich/nopher/internal/storage/storage.go:85.2,86.16 2 1
github.com/sandwich/nopher/internal/storage/storage.go:86.16,88.3 1 0
github.com/sandwich/nopher/internal/storage/storage.go:91.2,92.24 2 1
github.com/sandwich/nopher/internal/storage/storage.go:92.24,94.3 1 1
github.com/sandwich/nopher/internal/storage/storage.go:96.2,96.20 1 1
github.com/sandwich/nopher/internal/storage/storage.go:100.33,101.17 1 6
github.com/sandwich/nopher/internal/storage/storage.go:101.17,102.38 1 6
github.com/sandwich/nopher/internal/storage/storage.go:102.38,104.4 1 0
github.com/sandwich/nopher/internal/storage/storage.go:106.2,106.12 1 6
github.com/sandwich/nopher/internal/storage/sync_state.go:18.78,29.16 3 2
github.com/sandwich/nopher/internal/storage/sync_state.go:29.16,31.3 1 0
github.com/sandwich/nopher/internal/storage/sync_state.go:33.2,33.12 1 2
github.com/sandwich/nopher/internal/storage/sync_state.go:37.97,48.16 4 2
github.com/sandwich/nopher/internal/storage/sync_state.go:48.16,50.3 1 0
github.com/sandwich/nopher/internal/storage/sync_state.go:52.2,52.20 1 2
github.com/sandwich/nopher/internal/storage/sync_state.go:56.100,64.2 2 1
github.com/sandwich/nopher/internal/storage/sync_state.go:67.79,75.16 3 2
github.com/sandwich/nopher/internal/storage/sync_state.go:75.16,77.3 1 0
github.com/sandwich/nopher/internal/storage/sync_state.go:78.2,81.18 3 2
github.com/sandwich/nopher/internal/storage/sync_state.go:81.18,85.17 2 1
github.com/sandwich/nopher/internal/storage/sync_state.go:85.17,87.4 1 0
github.com/sandwich/nopher/internal/storage/sync_state.go:88.3,88.34 1 1
github.com/sandwich/nopher/internal/storage/sync_state.go:91.2,91.35 1 2
github.com/sandwich/nopher/internal/storage/sync_state.go:91.35,93.3 1 0
github.com/sandwich/nopher/internal/storage/sync_state.go:95.2,95.20 1 2
github.com/sandwich/nopher/internal/storage/sync_state.go:99.86,102.16 3 1
github.com/sandwich/nopher/internal/storage/sync_state.go:102.16,104.3 1 0
github.com/sandwich/nopher/internal/storage/sync_state.go:105.2,105.12 1 1
github.com/sandwich/nopher/cmd/nopher/main.go:18.13,20.46 1 0
github.com/sandwich/nopher/cmd/nopher/main.go:20.46,23.3 2 0
github.com/sandwich/nopher/cmd/nopher/main.go:25.2,31.18 3 0
github.com/sandwich/nopher/cmd/nopher/main.go:31.18,37.3 5 0
github.com/sandwich/nopher/cmd/nopher/main.go:39.2,39.23 1 0
github.com/sandwich/nopher/cmd/nopher/main.go:39.23,49.3 9 0
github.com/sandwich/nopher/cmd/nopher/main.go:52.2,53.16 2 0
github.com/sandwich/nopher/cmd/nopher/main.go:53.16,56.3 2 0
github.com/sandwich/nopher/cmd/nopher/main.go:58.2,64.34 7 0
github.com/sandwich/nopher/cmd/nopher/main.go:64.34,66.3 1 0
github.com/sandwich/nopher/cmd/nopher/main.go:67.2,67.34 1 0
github.com/sandwich/nopher/cmd/nopher/main.go:67.34,69.3 1 0
github.com/sandwich/nopher/cmd/nopher/main.go:70.2,70.34 1 0
github.com/sandwich/nopher/cmd/nopher/main.go:70.34,72.3 1 0
github.com/sandwich/nopher/cmd/nopher/main.go:73.2,75.67 3 0
github.com/sandwich/nopher/cmd/nopher/main.go:78.19,80.16 2 0
github.com/sandwich/nopher/cmd/nopher/main.go:80.16,83.3 2 0
github.com/sandwich/nopher/cmd/nopher/main.go:86.2,86.34 1 0
github.com/sandwich/nopher/internal/markdown/finger.go:17.61,22.2 1 2
github.com/sandwich/nopher/internal/markdown/finger.go:25.70,31.24 3 2
github.com/sandwich/nopher/internal/markdown/finger.go:31.24,34.3 1 2
github.com/sandwich/nopher/internal/markdown/finger.go:37.2,37.50 1 2
github.com/sandwich/nopher/internal/markdown/finger.go:37.50,39.3 1 2
github.com/sandwich/nopher/internal/markdown/finger.go:41.2,43.23 2 2
github.com/sandwich/nopher/internal/markdown/gemini.go:20.61,25.2 1 3
github.com/sandwich/nopher/internal/markdown/gemini.go:28.70,36.2 5 3
github.com/sandwich/nopher/internal/markdown/gemini.go:38.67,39.71 1 3
github.com/sandwich/nopher/internal/markdown/gemini.go:39.71,41.3 1 118
github.com/sandwich/nopher/internal/markdown/gemini.go:44.102,45.26 1 118
github.com/sandwich/nopher/internal/markdown/gemini.go:46.21,47.26 1 6
github.com/sandwich/nopher/internal/markdown/gemini.go:49.20,50.15 1 6
github.com/sandwich/nopher/internal/markdown/gemini.go:50.15,53.17 2 3
github.com/sandwich/nopher/internal/markdown/gemini.go:53.17,55.5 1 0
github.com/sandwich/nopher/internal/markdown/gemini.go:56.4,56.55 1 3
github.com/sandwich/nopher/internal/markdown/gemini.go:57.9,59.4 1 3
github.com/sandwich/nopher/internal/markdown/gemini.go:60.3,60.26 1 6
github.com/sandwich/nopher/internal/markdown/gemini.go:62.22,63.16 1 8
github.com/sandwich/nopher/internal/markdown/gemini.go:63.16,65.4 1 4
github.com/sandwich/nopher/internal/markdown/gemini.go:66.3,66.26 1 8
github.com/sandwich/nopher/internal/markdown/gemini.go:68.17,69.15 1 52
github.com/sandwich/nopher/internal/markdown/gemini.go:69.15,71.28 2 26
github.com/sandwich/nopher/internal/markdown/gemini.go:71.28,73.5 1 0
github.com/sandwich/nopher/internal/markdown/gemini.go:75.3,75.26 1 52
github.com/sandwich/nopher/internal/markdown/gemini.go:77.19,78.15 1 0
github.com/sandwich/nopher/internal/markdown/gemini.go:78.15,80.4 1 0
github.com/sandwich/nopher/internal/markdown/gemini.go:81.3,81.26 1 0
github.com/sandwich/nopher/internal/markdown/gemini.go:83.17,84.15 1 2
github.com/sandwich/nopher/internal/markdown/gemini.go:84.15,91.4 2 1
github.com/sandwich/nopher/internal/markdown/gemini.go:91.9,96.4 3 1
github.com/sandwich/nopher/internal/markdown/gemini.go:97.3,97.30 1 2
github.com/sandwich/nopher/internal/markdown/gemini.go:99.17,100.15 1 4
github.com/sandwich/nopher/internal/markdown/gemini.go:100.15,102.4 1 2
github.com/sandwich/nopher/internal/markdown/gemini.go:102.9,105.4 2 2
github.com/sandwich/nopher/internal/markdown/gemini.go:106.3,106.26 1 4
github.com/sandwich/nopher/internal/markdown/gemini.go:108.21,109.15 1 12
github.com/sandwich/nopher/internal/markdown/gemini.go:109.15,111.4 1 6
github.com/sandwich/nopher/internal/markdown/gemini.go:111.9,113.4 1 6
github.com/sandwich/nopher/internal/markdown/gemini.go:114.3,114.26 1 12
github.com/sandwich/nopher/internal/markdown/gemini.go:116.44,117.15 1 4
github.com/sandwich/nopher/internal/markdown/gemini.go:117.15,121.57 3 2
github.com/sandwich/nopher/internal/markdown/gemini.go:121.57,123.5 1 0
github.com/sandwich/nopher/internal/markdown/gemini.go:124.4,124.30 1 2
github.com/sandwich/nopher/internal/markdown/gemini.go:126.3,126.30 1 4
github.com/sandwich/nopher/internal/markdown/gemini.go:128.21,129.15 1 2
github.com/sandwich/nopher/internal/markdown/gemini.go:129.15,132.4 1 1
github.com/sandwich/nopher/internal/markdown/gemini.go:133.3,133.30 1 2
github.com/sandwich/nopher/internal/markdown/gemini.go:138.23,139.15 1 4
github.com/sandwich/nopher/internal/markdown/gemini.go:139.15,144.31 4 2
github.com/sandwich/nopher/internal/markdown/gemini.go:144.31,145.14 1 2
github.com/sandwich/nopher/internal/markdown/gemini.go:145.14,147.6 1 0
github.com/sandwich/nopher/internal/markdown/gemini.go:148.5,149.28 2 2
github.com/sandwich/nopher/internal/markdown/gemini.go:152.3,152.30 1 4
github.com/sandwich/nopher/internal/markdown/gemini.go:154.26,155.15 1 2
github.com/sandwich/nopher/internal/markdown/gemini.go:155.15,158.4 1 1
github.com/sandwich/nopher/internal/markdown/gemini.go:159.3,159.26 1 2
github.com/sandwich/nopher/internal/markdown/gemini.go:161.10,163.26 1 16
github.com/sandwich/nopher/internal/markdown/gopher.go:20.61,26.2 1 5
github.com/sandwich/nopher/internal/markdown/gopher.go:29.70,37.60 5 5
github.com/sandwich/nopher/internal/markdown/gopher.go:37.60,39.35 2 1
github.com/sandwich/nopher/internal/markdown/gopher.go:39.35,41.4 1 1
github.com/sandwich/nopher/internal/markdown/gopher.go:44.2,44.23 1 5
github.com/sandwich/nopher/internal/markdown/gopher.go:47.67,48.71 1 5
github.com/sandwich/nopher/internal/markdown/gopher.go:48.71,50.3 1 344
github.com/sandwich/nopher/internal/markdown/gopher.go:53.102,54.26 1 344
github.com/sandwich/nopher/internal/markdown/gopher.go:55.21,56.26 1 10
github.com/sandwich/nopher/internal/markdown/gopher.go:58.20,59.15 1 18
github.com/sandwich/nopher/internal/markdown/gopher.go:59.15,63.18 3 9
github.com/sandwich/nopher/internal/markdown/gopher.go:63.18,65.5 1 3
github.com/sandwich/nopher/internal/markdown/gopher.go:65.10,65.25 1 6
github.com/sandwich/nopher/internal/markdown/gopher.go:65.25,67.5 1 3
github.com/sandwich/nopher/internal/markdown/gopher.go:67.10,69.5 1 3
github.com/sandwich/nopher/internal/markdown/gopher.go:70.9,71.42 1 9
github.com/sandwich/nopher/internal/markdown/gopher.go:71.42,74.24 3 6
github.com/sandwich/nopher/internal/markdown/gopher.go:74.24,76.6 1 3
github.com/sandwich/nopher/internal/markdown/gopher.go:76.11,78.6 1 3
github.com/sandwich/nopher/internal/markdown/gopher.go:80.4,80.29 1 9
github.com/sandwich/nopher/internal/markdown/gopher.go:82.3,82.26 1 18
github.com/sandwich/nopher/internal/markdown/gopher.go:84.22,85.15 1 24
github.com/sandwich/nopher/internal/markdown/gopher.go:85.15,87.4 1 12
github.com/sandwich/nopher/internal/markdown/gopher.go:87.9,89.4 1 12
github.com/sandwich/nopher/internal/markdown/gopher.go:90.3,90.26 1 24
github.com/sandwich/nopher/internal/markdown/gopher.go:92.17,93.15 1 162
github.com/sandwich/nopher/internal/markdown/gopher.go:93.15,95.28 2 81
github.com/sandwich/nopher/internal/markdown/gopher.go:95.28,97.5 1 0
github.com/sandwich/nopher/internal/markdown/gopher.go:97.10,97.35 1 81
github.com/sandwich/nopher/internal/markdown/gopher.go:97.35,99.5 1 0
github.com/sandwich/nopher/internal/markdown/gopher.go:101.3,101.26 1 162
github.com/sandwich/nopher/internal/markdown/gopher.go:103.19,104.15 1 0
github.com/sandwich/nopher/internal/markdown/gopher.go:104.15,106.4 1 0
github.com/sandwich/nopher/internal/markdown/gopher.go:107.3,107.26 1 0
github.com/sandwich/nopher/internal/markdown/gopher.go:109.17,110.15 1 6
github.com/sandwich/nopher/internal/markdown/gopher.go:110.15,113.4 1 3
github.com/sandwich/nopher/internal/markdown/gopher.go:113.9,115.28 1 3
github.com/sandwich/nopher/internal/markdown/gopher.go:115.28,119.29 3 2
github.com/sandwich/nopher/internal/markdown/gopher.go:120.19,121.54 1 1
github.com/sandwich/nopher/internal/markdown/gopher.go:122.22,124.61 2 1
github.com/sandwich/nopher/internal/markdown/gopher.go:125.17,126.54 1 0
github.com/sandwich/nopher/internal/markdown/gopher.go:127.13,127.13 0 0
github.com/sandwich/nopher/internal/markdown/gopher.go:132.3,132.26 1 3
github.com/sandwich/nopher/internal/markdown/gopher.go:134.17,135.15 1 12
github.com/sandwich/nopher/internal/markdown/gopher.go:135.15,137.23 2 6
github.com/sandwich/nopher/internal/markdown/gopher.go:137.23,139.5 1 3
github.com/sandwich/nopher/internal/markdown/gopher.go:140.9,143.4 2 6
github.com/sandwich/nopher/internal/markdown/gopher.go:144.3,144.26 1 12
github.com/sandwich/nopher/internal/markdown/gopher.go:146.21,147.15 1 36
github.com/sandwich/nopher/internal/markdown/gopher.go:147.15,153.42 4 18
github.com/sandwich/nopher/internal/markdown/gopher.go:153.42,154.25 1 18
github.com/sandwich/nopher/internal/markdown/gopher.go:154.25,157.6 1 9
github.com/sandwich/nopher/internal/markdown/gopher.go:157.11,159.6 1 9
github.com/sandwich/nopher/internal/markdown/gopher.go:162.3,162.26 1 36
github.com/sandwich/nopher/internal/markdown/gopher.go:164.44,165.15 1 8
github.com/sandwich/nopher/internal/markdown/gopher.go:165.15,168.31 3 4
github.com/sandwich/nopher/internal/markdown/gopher.go:168.31,172.5 3 13
github.com/sandwich/nopher/internal/markdown/gopher.go:173.4,173.27 1 4
github.com/sandwich/nopher/internal/markdown/gopher.go:175.3,175.30 1 8
github.com/sandwich/nopher/internal/markdown/gopher.go:177.21,178.15 1 6
github.com/sandwich/nopher/internal/markdown/gopher.go:178.15,182.4 3 3
github.com/sandwich/nopher/internal/markdown/gopher.go:183.3,183.30 1 6
github.com/sandwich/nopher/internal/markdown/gopher.go:188.23,189.15 1 8
github.com/sandwich/nopher/internal/markdown/gopher.go:189.15,192.31 3 4
github.com/sandwich/nopher/internal/markdown/gopher.go:192.31,196.5 3 4
github.com/sandwich/nopher/internal/markdown/gopher.go:197.4,197.27 1 4
github.com/sandwich/nopher/internal/markdown/gopher.go:199.3,199.30 1 8
github.com/sandwich/nopher/internal/markdown/gopher.go:201.26,202.15 1 6
github.com/sandwich/nopher/internal/markdown/gopher.go:202.15,206.4 3 3
github.com/sandwich/nopher/internal/markdown/gopher.go:207.3,207.26 1 6
github.com/sandwich/nopher/internal/markdown/gopher.go:209.10,211.26 1 48
github.com/sandwich/nopher/internal/markdown/gopher.go:216.60,218.2 1 4
github.com/sandwich/nopher/internal/markdown/parser.go:19.26,32.2 2 10
github.com/sandwich/nopher/internal/markdown/parser.go:35.48,39.2 3 12
github.com/sandwich/nopher/internal/markdown/parser.go:42.83,43.17 1 5
github.com/sandwich/nopher/internal/markdown/parser.go:43.17,45.3 1 3
github.com/sandwich/nopher/internal/markdown/parser.go:47.2,49.42 3 5
github.com/sandwich/nopher/internal/markdown/parser.go:53.83,54.17 1 3
github.com/sandwich/nopher/internal/markdown/parser.go:54.17,56.3 1 3
github.com/sandwich/nopher/internal/markdown/parser.go:58.2,60.42 3 3
github.com/sandwich/nopher/internal/markdown/parser.go:64.83,65.17 1 2
github.com/sandwich/nopher/internal/markdown/parser.go:65.17,67.3 1 1
github.com/sandwich/nopher/internal/markdown/parser.go:69.2,71.42 3 2
github.com/sandwich/nopher/internal/markdown/parser.go:99.44,108.2 1 4
github.com/sandwich/nopher/internal/markdown/parser.go:111.44,120.2 1 4
github.com/sandwich/nopher/internal/markdown/parser.go:123.44,132.2 1 2
github.com/sandwich/nopher/internal/markdown/parser.go:135.100,136.73 1 8
github.com/sandwich/nopher/internal/markdown/parser.go:136.73,139.3 2 462
github.com/sandwich/nopher/internal/markdown/parser.go:143.55,146.73 2 19
github.com/sandwich/nopher/internal/markdown/parser.go:146.73,147.16 1 382
github.com/sandwich/nopher/internal/markdown/parser.go:147.16,149.4 1 191
github.com/sandwich/nopher/internal/markdown/parser.go:151.3,151.24 1 191
github.com/sandwich/nopher/internal/markdown/parser.go:152.18,153.29 1 105
github.com/sandwich/nopher/internal/markdown/parser.go:154.20,155.22 1 0
github.com/sandwich/nopher/internal/markdown/parser.go:158.3,158.31 1 191
github.com/sandwich/nopher/internal/markdown/parser.go:161.2,161.21 1 19
