mode: atomic
github.com/sandwich/nopher/cmd/nopher/main.go:18.13,20.46 1 0
github.com/sandwich/nopher/cmd/nopher/main.go:20.46,23.3 2 0
github.com/sandwich/nopher/cmd/nopher/main.go:25.2,31.18 3 0
github.com/sandwich/nopher/cmd/nopher/main.go:31.18,37.3 5 0
github.com/sandwich/nopher/cmd/nopher/main.go:39.2,39.23 1 0
github.com/sandwich/nopher/cmd/nopher/main.go:39.23,49.3 9 0
github.com/sandwich/nopher/cmd/nopher/main.go:52.2,53.16 2 0
github.com/sandwich/nopher/cmd/nopher/main.go:53.16,56.3 2 0
github.com/sandwich/nopher/cmd/nopher/main.go:58.2,64.34 7 0
github.com/sandwich/nopher/cmd/nopher/main.go:64.34,66.3 1 0
github.com/sandwich/nopher/cmd/nopher/main.go:67.2,67.34 1 0
github.com/sandwich/nopher/cmd/nopher/main.go:67.34,69.3 1 0
github.com/sandwich/nopher/cmd/nopher/main.go:70.2,70.34 1 0
github.com/sandwich/nopher/cmd/nopher/main.go:70.34,72.3 1 0
github.com/sandwich/nopher/cmd/nopher/main.go:73.2,75.67 3 0
github.com/sandwich/nopher/cmd/nopher/main.go:78.19,80.16 2 0
github.com/sandwich/nopher/cmd/nopher/main.go:80.16,83.3 2 0
github.com/sandwich/nopher/cmd/nopher/main.go:86.2,86.34 1 0
github.com/sandwich/nopher/internal/config/config.go:231.41,233.16 2 5
github.com/sandwich/nopher/internal/config/config.go:233.16,235.3 1 1
github.com/sandwich/nopher/internal/config/config.go:237.2,238.51 2 4
github.com/sandwich/nopher/internal/config/config.go:238.51,240.3 1 1
github.com/sandwich/nopher/internal/config/config.go:243.2,243.48 1 3
github.com/sandwich/nopher/internal/config/config.go:243.48,245.3 1 0
github.com/sandwich/nopher/internal/config/config.go:248.2,248.39 1 3
github.com/sandwich/nopher/internal/config/config.go:248.39,250.3 1 1
github.com/sandwich/nopher/internal/config/config.go:252.2,252.18 1 2
github.com/sandwich/nopher/internal/config/config.go:256.43,258.50 1 3
github.com/sandwich/nopher/internal/config/config.go:258.50,260.3 1 1
github.com/sandwich/nopher/internal/config/config.go:263.2,263.63 1 3
github.com/sandwich/nopher/internal/config/config.go:263.63,265.3 1 1
github.com/sandwich/nopher/internal/config/config.go:271.2,271.12 1 3
github.com/sandwich/nopher/internal/config/config.go:275.41,277.2 1 1
github.com/sandwich/nopher/internal/config/config.go:280.24,428.2 1 1
github.com/sandwich/nopher/internal/config/config.go:459.34,461.29 1 14
github.com/sandwich/nopher/internal/config/config.go:461.29,463.3 1 2
github.com/sandwich/nopher/internal/config/config.go:464.2,464.52 1 12
github.com/sandwich/nopher/internal/config/config.go:464.52,466.3 1 1
github.com/sandwich/nopher/internal/config/config.go:469.2,469.101 1 11
github.com/sandwich/nopher/internal/config/config.go:469.101,471.3 1 1
github.com/sandwich/nopher/internal/config/config.go:474.2,474.106 1 10
github.com/sandwich/nopher/internal/config/config.go:474.106,476.3 1 1
github.com/sandwich/nopher/internal/config/config.go:477.2,477.106 1 9
github.com/sandwich/nopher/internal/config/config.go:477.106,479.3 1 0
github.com/sandwich/nopher/internal/config/config.go:480.2,480.106 1 9
github.com/sandwich/nopher/internal/config/config.go:480.106,482.3 1 0
github.com/sandwich/nopher/internal/config/config.go:485.2,485.32 1 9
github.com/sandwich/nopher/internal/config/config.go:485.32,487.3 1 1
github.com/sandwich/nopher/internal/config/config.go:488.2,488.40 1 8
github.com/sandwich/nopher/internal/config/config.go:488.40,489.78 1 8
github.com/sandwich/nopher/internal/config/config.go:489.78,491.4 1 1
github.com/sandwich/nopher/internal/config/config.go:495.2,495.42 1 7
github.com/sandwich/nopher/internal/config/config.go:495.42,497.3 1 1
github.com/sandwich/nopher/internal/config/config.go:500.2,500.46 1 6
github.com/sandwich/nopher/internal/config/config.go:500.46,502.3 1 1
github.com/sandwich/nopher/internal/config/config.go:505.2,505.67 1 5
github.com/sandwich/nopher/internal/config/config.go:505.67,507.3 1 1
github.com/sandwich/nopher/internal/config/config.go:510.2,510.40 1 4
github.com/sandwich/nopher/internal/config/config.go:510.40,512.3 1 1
github.com/sandwich/nopher/internal/config/config.go:514.2,514.12 1 3
